INFO	2021-12-24 15:12:57,297	[logger.py:38]	hello world
INFO	2021-12-28 15:04:39,140	[webpage.py:32]	打开网页：https://user.chaojidun.com/login
INFO	2021-12-28 15:04:40,368	[webpage.py:32]	打开网页：https://user.chaojidun.com/login
INFO	2021-12-28 15:04:41,010	[webpage.py:64]	输入文本：17379966461
INFO	2021-12-28 15:04:42,655	[webpage.py:64]	输入文本：hj123456
INFO	2021-12-28 15:58:33,643	[webpage.py:32]	打开网页：https://user.chaojidun.com/login
INFO	2021-12-28 15:58:34,286	[webpage.py:64]	输入文本：17379966461
INFO	2021-12-28 15:58:35,933	[webpage.py:64]	输入文本：hj12345
INFO	2021-12-28 15:58:38,001	[webpage.py:70]	点击元素：('xpath', '//*[@id="app"]/div/div/div[2]/div/div[2]/div/div[2]/form/div/div[4]/div/button/span')
INFO	2021-12-28 15:58:38,038	[webpage.py:75]	获取文本：密码错误
INFO	2021-12-28 15:58:39,265	[webpage.py:32]	打开网页：https://user.chaojidun.com/login
INFO	2021-12-28 15:58:39,901	[webpage.py:64]	输入文本：17379966461
INFO	2021-12-28 15:58:41,547	[webpage.py:64]	输入文本：hj123456
INFO	2021-12-28 15:58:43,609	[webpage.py:70]	点击元素：('xpath', '//*[@id="app"]/div/div/div[2]/div/div[2]/div/div[2]/form/div/div[4]/div/button/span')
INFO	2021-12-28 16:03:01,463	[webpage.py:32]	打开网页：https://user.chaojidun.com/login
INFO	2021-12-28 16:03:02,106	[webpage.py:64]	输入文本：17379966461
INFO	2021-12-28 16:03:03,773	[webpage.py:64]	输入文本：hj12345
INFO	2021-12-28 16:03:05,839	[webpage.py:70]	点击元素：('xpath', '//*[@id="app"]/div/div/div[2]/div/div[2]/div/div[2]/form/div/div[4]/div/button/span')
INFO	2021-12-28 16:03:05,876	[webpage.py:75]	获取文本：密码错误
INFO	2021-12-28 16:03:07,125	[webpage.py:32]	打开网页：https://user.chaojidun.com/login
INFO	2021-12-28 16:03:07,754	[webpage.py:64]	输入文本：17379966461
INFO	2021-12-28 16:03:09,397	[webpage.py:64]	输入文本：hj123456
INFO	2021-12-28 16:03:11,462	[webpage.py:70]	点击元素：('xpath', '//*[@id="app"]/div/div/div[2]/div/div[2]/div/div[2]/form/div/div[4]/div/button/span')
INFO	2021-12-28 16:10:25,860	[webpage.py:32]	打开网页：https://user.chaojidun.com/login
INFO	2021-12-28 16:10:26,517	[webpage.py:64]	输入文本：17379966461
INFO	2021-12-28 16:10:28,171	[webpage.py:64]	输入文本：hj12345
INFO	2021-12-28 16:10:30,242	[webpage.py:70]	点击元素：('xpath', '//*[@id="app"]/div/div/div[2]/div/div[2]/div/div[2]/form/div/div[4]/div/button/span')
INFO	2021-12-28 16:10:30,281	[webpage.py:75]	获取文本：密码错误
INFO	2021-12-28 16:10:31,479	[webpage.py:32]	打开网页：https://user.chaojidun.com/login
INFO	2021-12-28 16:10:32,109	[webpage.py:64]	输入文本：17379966461
INFO	2021-12-28 16:10:33,765	[webpage.py:64]	输入文本：hj123456
INFO	2021-12-28 16:10:35,824	[webpage.py:70]	点击元素：('xpath', '//*[@id="app"]/div/div/div[2]/div/div[2]/div/div[2]/form/div/div[4]/div/button/span')
INFO	2021-12-28 16:17:59,326	[webpage.py:32]	打开网页：https://user.chaojidun.com/login
INFO	2021-12-28 16:17:59,974	[webpage.py:64]	输入文本：17379966461
INFO	2021-12-28 16:18:01,662	[webpage.py:64]	输入文本：hj123456
INFO	2021-12-28 16:18:03,731	[webpage.py:70]	点击元素：('xpath', '//*[@id="app"]/div/div/div[2]/div/div[2]/div/div[2]/form/div/div[4]/div/button/span')
INFO	2021-12-28 16:18:04,190	[webpage.py:32]	打开网页：https://user.chaojidun.com/login
INFO	2021-12-28 16:19:30,628	[webpage.py:32]	打开网页：https://user.chaojidun.com/login
INFO	2021-12-28 16:19:31,278	[webpage.py:64]	输入文本：17379966461
INFO	2021-12-28 16:19:32,937	[webpage.py:64]	输入文本：hj123456
INFO	2021-12-28 16:19:35,006	[webpage.py:70]	点击元素：('xpath', '//*[@id="app"]/div/div/div[2]/div/div[2]/div/div[2]/form/div/div[4]/div/button/span')
INFO	2021-12-28 16:19:35,435	[webpage.py:32]	打开网页：https://user.chaojidun.com/login
INFO	2021-12-28 16:24:25,615	[webpage.py:32]	打开网页：https://user.chaojidun.com/login
INFO	2021-12-28 16:24:26,261	[webpage.py:64]	输入文本：17379966461
INFO	2021-12-28 16:24:27,937	[webpage.py:64]	输入文本：hj123456
INFO	2021-12-28 16:24:30,006	[webpage.py:70]	点击元素：('xpath', '//*[@id="app"]/div/div/div[2]/div/div[2]/div/div[2]/form/div/div[4]/div/button/span')
INFO	2021-12-28 16:24:30,441	[webpage.py:32]	打开网页：https://user.chaojidun.com/login
INFO	2021-12-28 16:28:35,915	[webpage.py:32]	打开网页：https://user.chaojidun.com/login
INFO	2021-12-28 16:28:36,562	[webpage.py:64]	输入文本：1737996646
INFO	2021-12-28 16:28:38,228	[webpage.py:64]	输入文本：hj123456
INFO	2021-12-28 16:28:40,298	[webpage.py:70]	点击元素：('xpath', '//*[@id="app"]/div/div/div[2]/div/div[2]/div/div[2]/form/div/div[4]/div/button/span')
INFO	2021-12-28 16:28:40,336	[webpage.py:75]	获取文本：帐号或密码错误
INFO	2021-12-28 16:28:40,662	[webpage.py:32]	打开网页：https://user.chaojidun.com/login
INFO	2021-12-28 16:28:41,298	[webpage.py:64]	输入文本：17379966461
INFO	2021-12-28 16:28:42,939	[webpage.py:64]	输入文本：hj123456
INFO	2021-12-28 16:28:45,002	[webpage.py:70]	点击元素：('xpath', '//*[@id="app"]/div/div/div[2]/div/div[2]/div/div[2]/form/div/div[4]/div/button/span')
INFO	2021-12-28 16:29:41,169	[webpage.py:32]	打开网页：https://user.chaojidun.com/login
INFO	2021-12-28 16:29:41,816	[webpage.py:64]	输入文本：1737996646
INFO	2021-12-28 16:29:43,479	[webpage.py:64]	输入文本：hj123456
INFO	2021-12-28 16:29:45,549	[webpage.py:70]	点击元素：('xpath', '//*[@id="app"]/div/div/div[2]/div/div[2]/div/div[2]/form/div/div[4]/div/button/span')
INFO	2021-12-28 16:29:45,588	[webpage.py:75]	获取文本：帐号或密码错误
INFO	2021-12-28 16:29:45,941	[webpage.py:32]	打开网页：https://user.chaojidun.com/login
INFO	2021-12-28 16:29:46,574	[webpage.py:64]	输入文本：17379966461
INFO	2021-12-28 16:29:48,218	[webpage.py:64]	输入文本：hj123456
INFO	2021-12-28 16:29:50,282	[webpage.py:70]	点击元素：('xpath', '//*[@id="app"]/div/div/div[2]/div/div[2]/div/div[2]/form/div/div[4]/div/button/span')
INFO	2021-12-28 16:39:58,321	[webpage.py:32]	打开网页：https://user.chaojidun.com/login
INFO	2021-12-28 16:39:58,914	[webpage.py:64]	输入文本：
INFO	2021-12-28 16:40:00,581	[webpage.py:64]	输入文本：hj123456
INFO	2021-12-28 16:40:02,656	[webpage.py:70]	点击元素：('xpath', '//*[@id="app"]/div/div/div[2]/div/div[2]/div/div[2]/form/div/div[4]/div/button/span')
INFO	2021-12-28 16:40:02,696	[webpage.py:75]	获取文本：请输入手机号
INFO	2021-12-28 16:40:03,048	[webpage.py:32]	打开网页：https://user.chaojidun.com/login
INFO	2021-12-28 16:40:03,686	[webpage.py:64]	输入文本：17379966461
INFO	2021-12-28 16:40:05,332	[webpage.py:64]	输入文本：hj123456
INFO	2021-12-28 16:40:07,409	[webpage.py:70]	点击元素：('xpath', '//*[@id="app"]/div/div/div[2]/div/div[2]/div/div[2]/form/div/div[4]/div/button/span')
INFO	2021-12-28 16:40:29,800	[webpage.py:32]	打开网页：https://user.chaojidun.com/login
INFO	2021-12-28 16:49:20,164	[webpage.py:32]	打开网页：https://user.chaojidun.com/login
INFO	2021-12-28 16:49:20,811	[webpage.py:64]	输入文本：17379966461
INFO	2021-12-28 16:49:22,488	[webpage.py:64]	输入文本：hj123456
INFO	2021-12-28 16:49:24,558	[webpage.py:70]	点击元素：('xpath', '//*[@id="app"]/div/div/div[2]/div/div[2]/div/div[2]/form/div/div[4]/div/button/span')
INFO	2021-12-28 16:49:47,104	[webpage.py:32]	打开网页：https://user.chaojidun.com/login
INFO	2021-12-28 16:50:09,452	[webpage.py:32]	打开网页：https://user.chaojidun.com/login
INFO	2021-12-28 16:52:19,836	[webpage.py:32]	打开网页：https://user.chaojidun.com/login
INFO	2021-12-28 16:52:20,427	[webpage.py:64]	输入文本：
INFO	2021-12-28 16:52:22,078	[webpage.py:64]	输入文本：hj123456
INFO	2021-12-28 16:52:24,155	[webpage.py:70]	点击元素：('xpath', '//*[@id="app"]/div/div/div[2]/div/div[2]/div/div[2]/form/div/div[4]/div/button/span')
INFO	2021-12-28 16:52:24,193	[webpage.py:75]	获取文本：请输入手机号
INFO	2021-12-28 16:52:24,521	[webpage.py:32]	打开网页：https://user.chaojidun.com/login
INFO	2021-12-28 16:52:25,155	[webpage.py:64]	输入文本：17379966461
INFO	2021-12-28 16:52:26,798	[webpage.py:64]	输入文本：hj123456
INFO	2021-12-28 16:52:28,874	[webpage.py:70]	点击元素：('xpath', '//*[@id="app"]/div/div/div[2]/div/div[2]/div/div[2]/form/div/div[4]/div/button/span')
INFO	2021-12-28 17:27:40,139	[webpage.py:32]	打开网页：https://user.chaojidun.com/login
INFO	2021-12-28 17:27:40,735	[webpage.py:64]	输入文本：
INFO	2021-12-28 17:27:42,439	[webpage.py:64]	输入文本：hj123456
INFO	2021-12-28 17:27:44,511	[webpage.py:70]	点击元素：('xpath', '//*[@id="app"]/div/div/div[2]/div/div[2]/div/div[2]/form/div/div[4]/div/button/span')
INFO	2021-12-28 17:27:44,550	[webpage.py:75]	获取文本：请输入手机号
INFO	2021-12-28 17:27:44,878	[webpage.py:32]	打开网页：https://user.chaojidun.com/login
INFO	2021-12-28 17:27:45,514	[webpage.py:64]	输入文本：17379966461
INFO	2021-12-28 17:27:47,156	[webpage.py:64]	输入文本：hj123456
INFO	2021-12-28 17:27:49,234	[webpage.py:70]	点击元素：('xpath', '//*[@id="app"]/div/div/div[2]/div/div[2]/div/div[2]/form/div/div[4]/div/button/span')
INFO	2021-12-28 17:28:11,548	[webpage.py:32]	打开网页：https://user.chaojidun.com/login
INFO	2021-12-29 09:42:57,232	[webpage.py:32]	打开网页：https://user.chaojidun.com/login
INFO	2021-12-29 09:42:57,818	[webpage.py:64]	输入文本：
INFO	2021-12-29 09:42:59,463	[webpage.py:64]	输入文本：hj123456
INFO	2021-12-29 09:43:01,537	[webpage.py:70]	点击元素：('xpath', '//*[@id="app"]/div/div/div[2]/div/div[2]/div/div[2]/form/div/div[4]/div/button/span')
INFO	2021-12-29 09:43:01,574	[webpage.py:75]	获取文本：请输入手机号
INFO	2021-12-29 09:43:01,913	[webpage.py:32]	打开网页：https://user.chaojidun.com/login
INFO	2021-12-29 09:43:02,541	[webpage.py:64]	输入文本：17379966461
INFO	2021-12-29 09:43:04,173	[webpage.py:64]	输入文本：hj12345
INFO	2021-12-29 09:43:06,247	[webpage.py:70]	点击元素：('xpath', '//*[@id="app"]/div/div/div[2]/div/div[2]/div/div[2]/form/div/div[4]/div/button/span')
INFO	2021-12-29 09:43:06,279	[webpage.py:75]	获取文本：密码错误
INFO	2021-12-31 09:20:03,431	[logger.py:38]	hello world
